[debug] [2023-07-03T20:21:44.252Z] ----------------------------------------------------------------------
[debug] [2023-07-03T20:21:44.255Z] Command:       C:\Program Files\nodejs\node.exe C:\Users\Lenovo\AppData\Roaming\npm\node_modules\firebase-tools\lib\bin\firebase.js init
[debug] [2023-07-03T20:21:44.255Z] CLI Version:   12.4.2
[debug] [2023-07-03T20:21:44.256Z] Platform:      win32
[debug] [2023-07-03T20:21:44.256Z] Node Version:  v18.13.0
[debug] [2023-07-03T20:21:44.257Z] Time:          Mon Jul 03 2023 14:21:44 GMT-0600 (hora estándar central)
[debug] [2023-07-03T20:21:44.257Z] ----------------------------------------------------------------------
[debug] 
[debug] [2023-07-03T20:21:44.261Z] >>> [apiv2][query] GET https://firebase-public.firebaseio.com/cli.json [none]
[debug] [2023-07-03T20:21:44.325Z] > command requires scopes: ["email","openid","https://www.googleapis.com/auth/cloudplatformprojects.readonly","https://www.googleapis.com/auth/firebase","https://www.googleapis.com/auth/cloud-platform"]
[debug] [2023-07-03T20:21:44.326Z] > authorizing via signed-in user (jcctramitedevisas@gmail.com)
[info] 
     ######## #### ########  ######## ########     ###     ######  ########
     ##        ##  ##     ## ##       ##     ##  ##   ##  ##       ##
     ######    ##  ########  ######   ########  #########  ######  ######
     ##        ##  ##    ##  ##       ##     ## ##     ##       ## ##
     ##       #### ##     ## ######## ########  ##     ##  ######  ########

You're about to initialize a Firebase project in this directory:

  C:\Users\Lenovo\OneDrive\Escritorio\FORM-DS-160

[debug] [2023-07-03T20:21:44.646Z] <<< [apiv2][status] GET https://firebase-public.firebaseio.com/cli.json 200
[debug] [2023-07-03T20:21:44.647Z] <<< [apiv2][body] GET https://firebase-public.firebaseio.com/cli.json {"cloudBuildErrorAfter":1594252800000,"cloudBuildWarnAfter":1590019200000,"defaultNode10After":1594252800000,"minVersion":"3.0.5","node8DeploysDisabledAfter":1613390400000,"node8RuntimeDisabledAfter":1615809600000,"node8WarnAfter":1600128000000}
